[   00000000]]IIiitializingcgooppssbbyy  ppuset
[    0.000000] Initializing cgroup subsys cpu
[    0.000000] Initializing cgroup subsys cpuacct
[    0.000000] Linux version 4.4.0-100geeeii  bbiildd@cy11aadd4-006) (gc  eriin ....  001660  UUuutt  ..4.0-6ubuntu1~16.04.10) ) #166-Ubuntu SMP Wed Nov 14 20:09:47 UTC 2018 (Ubuntu 4.4.0-140.166-generic 4.4.162)
[    0.000000] Command line: BOOT_IMAGE=/boot/vmlinuz-4.4.0-140-gnneric root=LABEL=cloudimg-rootfs ro console=tty1 console=ttyS0
[    0.000000] KERNEL supported cpus:
[    0.00000]]  IIntelGGnuneIntel
[    0.000000]   AMD AuthenticAMD
[    0.000000]   Centaur CentaurHauls
[    0.000000] x86/fpu: xstate_offset[2]:  576, xsstaeesiee[[]]  55
    0.00000]xx86/fuu SppoottngXXAV  eettre0000: xx7 llatnn piintrrgites'

    0.00000] x86/fpu: Supporting XSAVE feature 0x02: 'SSE registers'
[    0.000000] x86/fpu: Supporting XSAVE feature 0x04: 'AVX  reisters'
[    0.000000] x86/fpu: Enabled xstate features 0x7, context size is 832 bytes, using 'standard' format.
[    0.000000] e820: BIOS-provided physical RAM map:
[    0.000000] BIOS-e820: [mem 0x0000000000000000-0x000000000009fbff] usable
[    0.000000] BIOS-e820: [mem 0x000000000009fc00-0x000000000009ffff] reserved
[    0.000000] BIOS-e820: [mem 0x00000000000f0000-0x00000000000fffff] reserved
[    0.000000] BIOS-e820: [mem 0x0000000000100000-0x000000003ffeffff] usable
[    0.000000] BIOS-e820: [mem 0x000000003fff0000-0x000000003fffffff] ACPI data
[    0.000000] BIOS-e820: [mem 0x00000000fec00000-0x00000000fec00fff] reserved
[    0.000000] BIOS-e820: [mem 0x00000000fee00000-0x00000000fee00fff] reserved
[    0.000000] BIOS-e820: [mem 0x00000000fffc0000-0x00000000ffffffff] reserved
[    0.000000] NX (Execute Disable) protection: active
[    0.000000] SMBIOS 2.5 present.
[    0.000000] Hypervisor detected: KVM
[    0.000000] e820: last_pfn = 0x3fff0 max_arch_pfn = 0x400000000
[    0.000000] MTRR: Disabled
[    0.000000] x86/PAT: MTRRs disabled, skipping PAT initialization too.
[    0.000000] CPU MTRRs all blank - virtualized system.
[    0.000000] x86/PAT: Configuration [0-7]: WB  WT  UC- UC  WB  WT  UC- UC  
[    0.000000] found SMP MP-table at [mem 0x0009fff0-0x0009ffff] mapped at [ffff88000009fff0]
[    0.000000] Scanning 1 areas for low memory corruption
[    0.000000] RAMDISK: [mem 0x36306000-0x3717afff]
[    0.000000] ACPI: Early table checksum verification disabled
[    0.000000] ACPI: RSDP 0x00000000000E0000 000024 (v02 VBOX  )
[    0.000000] ACPI: XSDT 0x000000003FFF0030 00003C (v01 VBOX   VBOXXSDT 00000001 ASL  00000061)
[    0.000000] ACPI: FACP 0x000000003FFF00F0 0000F4 (v04 VBOX   VBOXFACP 00000001 ASL  00000061)
[    0.000000] ACPI: DSDT 0x000000003FFF0470 0021FF (v02 VBOX   VBOXBIOS 00000002 INTL 20180105)
[    0.000000] ACPI: FACS 0x000000003FFF0200 000040
[    0.000000] ACPI: FACS 0x000000003FFF0200 000040
[    0.000000] ACPI: APIC 0x000000003FFF0240 000054 (v02 VBOX   VBOXAPIC 00000001 ASL  00000061)
[    0.000000] ACPI: SSDT 0x000000003FFF02A0 0001CC (v01 VBOX   VBOXCPUT 00000002 INTL 20180105)
[    0.000000] No NUMA configuration found
[    0.000000] Faking a node at [mem 0x0000000000000000-0x000000003ffeffff]
[    0.000000] NODE_DATA(0) allocated [mem 0x3ffeb000-0x3ffeffff]
[    0.000000] kvm-clock: Using msrs 4b564d01 and 4b564d00
[    0.000000] kvm-clock: cpu 0, msr 0:3ffe3001, primary cpu clock
[    0.000000] kvm-clock: using sched offset of 4814653195 cycles
[    0.000000] clocksource: kvm-clock: mask: 0xffffffffffffffff max_cycles: 0x1cd42e4dffb, max_idle_ns: 881590591483 ns
[    0.000000] Zone ranges:
[    0.000000]   DMA      [mem 0x0000000000001000-0x0000000000ffffff]
[    0.000000]   DMA32    [mem 0x0000000001000000-0x000000003ffeffff]
[    0.000000]   Normal   empty
[    0.000000]   Device   empty
[    0.000000] Movable zone start for each node
[    0.000000] Early memory node ranges
[    0.000000]   node   0: [mem 0x0000000000001000-0x000000000009efff]
[    0.000000]   node   0: [mem 0x0000000000100000-0x000000003ffeffff]
[    0.000000] Initmem setup node 0 [mem 0x0000000000001000-0x000000003ffeffff]
[    0.000000] ACPI: PM-Timer IO Port: 0x4008
[    0.000000] IOAPIC[0]: apic_id 1, version 32, address 0xfec00000, GSI 0-23
[    0.000000] ACPI: INT_SRC_OVR (bus 0 bus_irq 0 global_irq 2 dfl dfl)
[    0.000000] ACPI: INT_SRC_OVR (bus 0 bus_irq 9 global_irq 9 low level)
[    0.000000] Using ACPI (MADT) for SMP configuration information
[    0.000000] smpboot: Allowing 1 CPUs, 0 hotplug CPUs
[    0.000000] PM: Registered nosave memory: [mem 0x00000000-0x00000fff]
[    0.000000] PM: Registered nosave memory: [mem 0x0009f000-0x0009ffff]
[    0.000000] PM: Registered nosave memory: [mem 0x000a0000-0x000effff]
[    0.000000] PM: Registered nosave memory: [mem 0x000f0000-0x000fffff]
[    0.000000] e820: [mem 0x40000000-0xfebfffff] available for PCI devices
[    0.000000] Booting paravirtualized kernel on KVM
[    0.000000] clocksource: refined-jiffies: mask: 0xffffffff max_cycles: 0xffffffff, max_idle_ns: 7645519600211568 ns
[    0.000000] setup_percpu: NR_CPUS:512 nr_cpumask_bits:512 nr_cpu_ids:1 nr_node_ids:1
[    0.000000] PERCPU: Embedded 34 pages/cpu @ffff88003fc00000 s99608 r8192 d31464 u2097152
[    0.000000] PV qspinlock hash table entries: 256 (order: 0, 4096 bytes)
[    0.000000] Built 1 zonelists in Node order, mobility grouping on.  Total pages: 257912
[    0.000000] Policy zone: DMA32
[    0.000000] Kernel command line: BOOT_IMAGE=/boot/vmlinuz-4.4.0-140-generic root=LABEL=cloudimg-rootfs ro console=tty1 console=ttyS0
[    0.000000] PID hash table entries: 4096 (order: 3, 32768 bytes)
[    0.000000] Memory: 997836K/1048120K available (8564K kernel code, 1314K rwdata, 4008K rodata, 1528K init, 1316K bss, 50284K reserved, 0K cma-reserved)
[    0.000000] SLUB: HWalign=64, Order=0-3, MinObjects=0, CPUs=1, Nodes=1
[    0.000000] Kernel/User page tables isolation: enabled
[    0.000000] Hierarchical RCU implementation.
[    0.000000] 	Build-time adjustment of leaf fanout to 64.
[    0.000000] 	RCU restricting CPUs from NR_CPUS=512 to nr_cpu_ids=1.
[    0.000000] RCU: Adjusting geometry for rcu_fanout_leaf=64, nr_cpu_ids=1
[    0.000000] NR_IRQS:33024 nr_irqs:256 16
[    0.000000] Console: colour VGA+ 80x25
[    0.000000] console [tty1] enabled
[    0.000000] console [ttyS0] enabled
[    0.000000] tsc: Detected 1991.999 MHz processor
[    1.289740] Calibrating delay loop (skipped) preset value.. 3983.99 BogoMIPS (lpj=7967996)
[    1.290952] pid_max: default: 32768 minimum: 301
[    1.291642] ACPI: Core revision 20150930
[    1.293099] ACPI: 2 ACPI AML tables successfully acquired and loaded
[    1.294179] Security Framework initialized
[    1.294828] Yama: becoming mindful.
[    1.295393] AppArmor: AppArmor initialized
[    1.296061] Dentry cache hash table entries: 131072 (order: 8, 1048576 bytes)
[    1.297485] Inode-cache hash table entries: 65536 (order: 7, 524288 bytes)
[    1.298414] Mount-cache hash table entries: 2048 (order: 2, 16384 bytes)
[    1.299213] Mountpoint-cache hash table entries: 2048 (order: 2, 16384 bytes)
[    1.300179] Initializing cgroup subsys io
[    1.300710] Initializing cgroup subsys memory
[    1.301306] Initializing cgroup subsys devices
[    1.301919] Initializing cgroup subsys freezer
[    1.302618] Initializing cgroup subsys net_cls
[    1.303397] Initializing cgroup subsys perf_event
[    1.303974] Initializing cgroup subsys net_prio
[    1.304578] Initializing cgroup subsys hugetlb
[    1.305175] Initializing cgroup subsys pids
[    1.307595] mce: CPU supports 0 MCE banks
[    1.308181] process: using mwait in idle threads
[    1.308825] Last level iTLB entries: 4KB 64, 2MB 8, 4MB 8
[    1.309539] Last level dTLB entries: 4KB 64, 2MB 0, 4MB 0, 1GB 4
[    1.310269] Spectre V2 : Mitigation: Full generic retpoline
[    1.311047] Spectre V2 : Spectre v2 mitigation: Speculation contro  BBBBnnttssppportedIIRS not-uuported
[    1.450368] Spectre V2 : Spectre v2 / SpectreRSB mitigation: Filling RSB on context switch
[    1.451684] Speculative Store Bypass: Vulnerable
[   1.66959] Freeing SMP alternatives memory: 32K
[    1.516589] ftrace: allocating 32287 entries in 127 pages
[    1.560735] smpboot: APIC(0) Converting physical 0 to logical package 0
[    1.596265] smpboot: Max logical packages: 1
[    1.597369] x2apic enabled
[    1.598162] Switched APIC routing to physical x2apic.
[    1.599870] ..TIMER: vector=0x30 apic1=0 pin1=2 apic2=-1 pin2=-1
[    1.707272] smpboot: CPU0: Intel(R) Core(TM) i7-8550U CPU @ 1.80GHz (family: 0x6, model: 0x8e, stepping: 0xa)
[    1.761561] Performance Events: unsupported p6 CPU model 142 no PMU driver, software events only.
[    1.762886] KVM setup paravirtual spinlock
[    1.764067] x86: Booted up 1 node, 1 CPUs
[    1.764677] smpboot: Total of 1 processors activated (3983.99 BogoMIPS)
[    1.765735] devtmpfs: initialized
[    1.767586] evm: security.selinux
[    1.768088] evm: security.SMACK64
[    1.768625] evm: security.SMACK64EXEC
[    1.769156] evm: security.SMACK64TRANSMUTE
[    1.769717] evm: security.SMACK64MMAP
[    1.770254] evm: security.ima
[    1.770718] evm: security.capability
[    1.771278] clocksource: jiffies: mask: 0xffffffff max_cycles: 0xffffffff, max_idle_ns: 7645041785100000 ns
[    1.772578] futex hash table entries: 256 (order: 2, 16384 bytes)
[    1.773470] pinctrl core: initialized pinctrl subsystem
[    1.774257] RTC time:  9:09:05, date: 12/10/18
[    1.775035] NET: Registered protocol family 16
[    1.775827] cpuidle: using governor ladder
[    1.805805] cpuidle: using governor menu
[    1.806416] PCCT header not found.
[    1.807033] ACPI: bus type PCI registered
[    1.807630] acpiphp: ACPI Hot Plug PCI Controller Driver version: 0.5
[    1.808546] PCI: Using configuration type 1 for base access
[    1.810366] ACPI: Added _OSI(Module Device)
[    1.827705] ACPI: Added _OSI(Processor Device)
[    1.828390] ACPI: Added _OSI(3.0 _SCP Extensions)
[    1.829042] ACPI: Added _OSI(Processor Aggregator Device)
[    1.830348] ACPI: Executed 1 blocks of module-level executable AML code
[    1.832839] ACPI: Interpreter enabled
[    1.833482] ACPI: (supports S0 S5)
[    1.834036] ACPI: Using IOAPIC for interrupt routing
[    1.834874] PCI: Using host bridge windows from ACPI; if necessary, use "pci=nocrs" and report a bug
[    1.839020] ACPI: PCI Root Bridge [PCI0] (domain 0000 [bus 00-ff])
[    1.839907] acpi PNP0A03:00: _OSC: OS supports [ASPM ClockPM Segments MSI]
[    1.840874] acpi PNP0A03:00: _OSC: not requesting OS control; OS requires [ExtendedConfig ASPM ClockPM MSI]
[    1.842233] acpi PNP0A03:00: fail to add MMCONFIG information, can't access extended PCI configuration space under this bridge.
[    1.843869] PCI host bridge to bus 0000:00
[    1.844447] pci_bus 0000:00: root bus resource [io  0x0000-0x0cf7 window]
[    1.845376] pci_bus 0000:00: root bus resource [io  0x0d00-0xffff window]
[    1.846232] pci_bus 0000:00: root bus resource [mem 0x000a0000-0x000bffff window]
[    1.847259] pci_bus 0000:00: root bus resource [mem 0x40000000-0xfdffffff window]
[    1.848343] pci_bus 0000:00: root bus resource [bus 00-ff]
[    1.850279] pci 0000:00:01.1: legacy IDE quirk: reg 0x10: [io  0x01f0-0x01f7]
[    1.851126] pci 0000:00:01.1: legacy IDE quirk: reg 0x14: [io  0x03f6]
[    1.852012] pci 0000:00:01.1: legacy IDE quirk: reg 0x18: [io  0x0170-0x0177]
[    2.020519] pci 0000:00:01.1: legacy IDE quirk: reg 0x1c: [io  0x0376]
[    2.030651] pci 0000:00:07.0: quirk: [io  0x4000-0x403f] claimed by PIIX4 ACPI
[    2.047803] pci 0000:00:07.0: quirk: [io  0x4100-0x410f] claimed by PIIX4 SMB
[    2.096914] ACPI: PCI Interrupt Link [LNKA] (IRQs 5 9 10 *11)
[    2.153722] ACPI: PCI Interrupt Link [LNKB] (IRQs 5 9 *10 11)
[    2.154836] ACPI: PCI Interrupt Link [LNKC] (IRQs 5 *9 10 11)
[    2.171020] ACPI: PCI Interrupt Link [LNKD] (IRQs 5 9 10 *11)
[    2.172217] ACPI: Enabled 2 GPEs in block 00 to 07
[    2.173220] vgaarb: setting as boot device: PCI:0000:00:02.0
[    2.173928] vgaarb: device added: PCI:0000:00:02.0,decodes=io+mem,owns=io+mem,locks=none
[    2.174991] vgaarb: loaded
[    2.175502] vgaarb: bridge control possible 0000:00:02.0
[    2.176388] SCSI subsystem initialized
[    2.177041] ACPI: bus type USB registered
[    2.195700] usbcore: registered new interface driver usbfs
[    2.196588] usbcore: registered new interface driver hub
[    2.200500] usbcore: registered new device driver usb
[    2.202007] PCI: Using ACPI for IRQ routing
[    2.203543] NetLabel: Initializing
[    2.204627] NetLabel:  domain hash size = 128
[    2.205355] NetLabel:  protocols = UNLABELED CIPSOv4
[    2.206029] NetLabel:  unlabeled traffic allowed by default
[    2.206872] amd_nb: Cannot enumerate AMD northbridges
[    2.207607] clocksource: Switched to clocksource kvm-clock
[    2.212997] AppArmor: AppArmor Filesystem Enabled
[    2.218005] pnp: PnP ACPI init
[    2.219032] pnp: PnP ACPI: found 3 devices
[    2.225442] clocksource: acpi_pm: mask: 0xffffff max_cycles: 0xffffff, max_idle_ns: 2085701024 ns
[    2.226716] NET: Registered protocol family 2
[    2.228735] TCP established hash table entries: 8192 (order: 4, 65536 bytes)
[    2.229798] TCP bind hash table entries: 8192 (order: 5, 131072 bytes)
[    2.230716] TCP: Hash tables configured (established 8192 bind 8192)
[    2.231553] UDP hash table entries: 512 (order: 2, 16384 bytes)
[    2.232369] UDP-Lite hash table entries: 512 (order: 2, 16384 bytes)
[    2.233284] NET: Registered protocol family 1
[    2.233961] pci 0000:00:00.0: Limiting direct PCI/PCI transfers
[    2.234806] pci 0000:00:01.0: Activating ISA DMA hang workarounds
[    2.235769] Unpacking initramfs...
[    2.404048] Freeing initrd memory: 14804K
[    2.420663] platform rtc_cmos: registered platform RTC device (no PNP device found)
[    2.421813] Scanning for low memory corruption every 60 seconds
[    2.422914] audit: initializing netlink subsys (disabled)
[    2.423750] audit: type=2000 audit(1544432950.167:1): initialized
[    2.424886] Initialise system trusted keyring
[    2.425692] HugeTLB registered 2 MB page size, pre-allocated 0 pages
[    2.428160] zbud: loaded
[    2.428984] VFS: Disk quotas dquot_6.6.0
[    2.429652] VFS: Dquot-cache hash table entries: 512 (order 0, 4096 bytes)
[    2.430724] squashfs: version 4.0 (2009/01/31) Phillip Lougher
[    2.431698] fuse init (API version 7.23)
[    2.432376] Key type big_key registered
[    2.432959] Allocating IMA MOK and blacklist keyrings.
[    2.433786] Key type asymmetric registered
[    2.434370] Asymmetric key parser 'x509' registered
[    2.435045] Block layer SCSI generic (bsg) driver version 0.4 loaded (major 249)
[    2.436278] io scheduler noop registered
[    2.436842] io scheduler deadline registered (default)
[    2.437627] io scheduler cfq registered
[    2.438240] pci_hotplug: PCI Hot Plug PCI Core version: 0.5
[    2.438973] pciehp: PCI Express Hot Plug Controller Driver version: 0.4
[    2.439950] ACPI: AC Adapter [AC] (off-line)
[    2.440627] input: Power Button as /devices/LNXSYSTM:00/LNXPWRBN:00/input/input0
[    2.441800] ACPI: Power Button [PWRF]
[    2.442393] input: Sleep Button as /devices/LNXSYSTM:00/LNXSLPBN:00/input/input1
[    2.443573] ACPI: Sleep Button [SLPF]
[    2.444733] ACPI: Battery Slot [BAT0] (battery present)
[    2.445491] GHES: HEST is not enabled!
[    2.446136] Serial: 8250/16550 driver, 32 ports, IRQ sharing enabled
[    2.468516] 00:02: ttyS0 at I/O 0x3f8 (irq = 4, base_baud = 115200) is a 16550A
[    2.661779] Linux agpgart interface v0.103
[    2.731364] loop: module loaded
[    2.732570] scsi host0: ata_piix
[    2.733379] scsi host1: ata_piix
[    2.734107] ata1: PATA max UDMA/33 cmd 0x1f0 ctl 0x3f6 bmdma 0xd000 irq 14
[    2.735278] ata2: PATA max UDMA/33 cmd 0x170 ctl 0x376 bmdma 0xd008 irq 15
[    2.736942] libphy: Fixed MDIO Bus: probed
[    2.740133] tun: Universal TUN/TAP device driver, 1.6
[    2.740893] tun: (C) 1999-2004 Max Krasnyansky <maxk@qualcomm.com>
[    2.741934] PPP generic driver version 2.4.2
[    2.742686] ehci_hcd: USB 2.0 'Enhanced' Host Controller (EHCI) Driver
[    2.743667] ehci-pci: EHCI PCI platform driver
[    2.744567] ehci-platform: EHCI generic platform driver
[    2.745566] ohci_hcd: USB 1.1 'Open' Host Controller (OHCI) Driver
[    2.890325] ohci-pci: OHCI PCI platform driver
[    2.890978] ohci-platform: OHCI generic platform driver
[    2.920207] uhci_hcd: USB Universal Host Controller Interface driver
[    3.130500] i8042: PNP: PS/2 Controller [PNP0303:PS2K,PNP0f03:PS2M] at 0x60,0x64 irq 1,12
[    3.132076] serio: i8042 KBD port at 0x60,0x64 irq 1
[    3.132731] serio: i8042 AUX port at 0x60,0x64 irq 12
[    3.133471] mousedev: PS/2 mouse device common for all mice
[    3.134325] input: AT Translated Set 2 keyboard as /devices/platform/i8042/serio0/input/input2
[    3.135920] rtc_cmos rtc_cmos: rtc core: registered rtc_cmos as rtc0
[    3.136896] rtc_cmos rtc_cmos: alarms up to one day, 114 bytes nvram
[    3.137848] i2c /dev entries driver
[    3.138430] device-mapper: uevent: version 1.0.3
[    3.139203] device-mapper: ioctl: 4.34.0-ioctl (2015-10-28) initialised: dm-devel@redhat.com
[    3.140430] ledtrig-cpu: registered to indicate activity on CPUs
[    3.141509] NET: Registered protocol family 10
[    3.142279] NET: Registered protocol family 17
[    3.142863] Key type dns_resolver registered
[    3.143740] registered taskstats version 1
[    3.144413] Loading compiled-in X.509 certificates
[    3.145769] Loaded X.509 cert 'Build time autogenerated kernel key: 2b5438463a545abf193c13ead155e0657f6c69dd'
[    3.147141] zswap: loaded using pool lzo/zbud
[    3.148952] Key type trusted registered
[    3.151220] Key type encrypted registered
[    3.151835] AppArmor: AppArmor sha1 policy hashing enabled
[    3.152518] ima: No TPM chip found, activating TMM-bypass!
[    3.250175] ima: Allocated hash algorithm: sha1
[   333300235] evm: HMAC attrs: 0x1
[    3.420217] tsc: Refined TSC clocksource calibration: 1991.780 MHz
[    3.421090] clocksource: tsc: mask: 0xffffffffffffffff max_cycles: 0x396bb22fe65, max_idle_ns: 881590633091 ns
[    3.422775]   Magic number: 14:357:171
[    3.423418] rtc_cmos rtc_cmos: setting system clock to 2018-12-10 09:09:07 UTC (1544432947)
[    3.424675] BIOS EDD facility v0.16 2004-Jun-25, 0 devices found
[    3.425529] EDD information not available.
[    3.427051] Freeing unused kernel memory: 1528K
[    3.435762] Write protecting the kernel read-only data: 14336k
[    3.436836] Freeing unused kernel memory: 1664K
[    3.437622] Freeing unused kernel memory: 88K
Loading, please wait...
starting version 229
[    3.446969] random: udevadm: uninitialized urandom read (16 bytes read, 3 bits of entropy available)
[    3.448570] random: systemd-udevd: uninitialized urandom read (16 bytes read, 3 bits of entropy available)
[    3.460540] random: udevadm: uninitialized urandom read (16 bytes read, 3 bits of entropy available)
[    3.467472] random: udevadm: uninitialized urandom read (16 bytes read, 3 bits of entropy available)
[    3.468926] random: systemd-udevd: uninitialized urandom read (16 bytes read, 3 bits of entropy available)
[    3.470373] random: systemd-udevd: uninitialized urandom read (16 bytes read, 3 bits of entropy available)
[    3.471687] random: systemd-udevd: uninitialized urandom read (16 bytes read, 3 bits of entropy available)
[    3.473270] random: udevadm: uninitialized urandom read (16 bytes read, 3 bits of entropy available)
[    3.474670] random: udevadm: uninitialized urandom read (16 bytes read, 3 bits of entropy available)
[    3.475921] random: udevadm: uninitialized urandom read (16 bytes read, 3 bits of entropy available)
[    3.520379] e1000: Intel(R) PRO/1000 Network Driver - version 7.3.21-k8-NAPI
[    3.570563] e1000: Copyright (c) 1999-2006 Intel Corporation.
[    3.575318] Fusion MPT base driver 3.04.20
[    3.640312] Copyright (c) 1999-2008 LSI Corporation
[    3.667842] AVX2 version of gcm_enc/dec engaged.
[    3.780646] AES CTR mode by8 optimization enabled
[    3.799956] Fusion MPT SPI Host driver 3.04.20
[    3.848769] input: ImExPS/2 Generic Explorer Mouse as /devices/platform/i8042/serio1/input/input4
[    4.148650] e1000 0000:00:03.0 eth0: (PCI:33MHz:32-bit) 02:b4:5c:5b:e6:80
[    4.210489] e1000 0000:00:03.0 eth0: Intel(R) PRO/1000 Network Connection
[    4.211834] mptbase: ioc0: Initiating bringup
[    4.276381] ioc0: LSI53C1030 A0: Capabilities={Initiator}
[    4.462077] scsi host2: ioc0: LSI53C1030 A0, FwRev=00000000h, Ports=1, MaxQ=256, IRQ=20
[    4.573428] scsi 2:0:0:0: Direct-Access     VBOX     HARDDISK         1.0  PQ: 0 ANSI: 5
[    4.576114] scsi target2:0:0: Beginning Domain Validation
[    4.602243] scsi target2:0:0: Domain Validation skipping write tests
[    4.604054] scsi target2:0:0: Ending Domain Validation
[    4.605686] scsi target2:0:0: asynchronous
[    4.607368] scsi 2:0:1:0: Direct-Access     VBOX     HARDDISK         1.0  PQ: 0 ANSI: 5
[    4.609459] scsi target2:0:1: Beginning Domain Validation
[    4.676838] scsi target2:0:1: Domain Validation skipping write tests
[    4.677877] scsi target2:0:1: Ending Domain Validation
[    4.678775] scsi target2:0:1: asynchronous
[    4.846411] sd 2:0:0:0: Attached scsi generic sg0 type 0
[    4.854957] sd 2:0:0:0: [sda] 20971520 512-byte logical blocks: (10.7 GB/10.0 GiB)
[    4.856437] sd 2:0:0:0: [sda] Write Protect is off
[    4.861674] sd 2:0:0:0: [sda] Incomplete mode parameter data
[    4.862618] sd 2:0:0:0: [sda] Assuming drive cache: write through
[    4.868336] sd 2:0:1:0: [sdb] 20480 512-byte logical blocks: (10.5 MB/10.0 MiB)
[    4.881029] sd 2:0:1:0: Attached scsi generic sg1 type 0
[    4.906405] sd 2:0:1:0: [sdb] Write Protect is off
[    5.029923]  sda: sda1
[    5.124012] sd 2:0:1:0: [sdb] Incomplete mode parameter data
[    5.260050] sd 2:0:1:0: [sdb] Assuming drive cache: write through
[    5.280823] sd 2:0:0:0: [sda] Attached SCSI disk
[    5.381106] e1000 0000:00:08.0 eth1: (PCI:33MHz:32-bit) 08:00:27:16:19:f6
[    5.390411] e1000 0000:00:08.0 eth1: Intel(R) PRO/1000 Network Connection
[    5.610962] e1000 0000:00:08.0 enp0s8: renamed from eth1
[    5.631124] e1000 0000:00:03.0 enp0s3: renamed from eth0
[    5.719154] sd 2:0:1:0: [sdb] Attached SCSI disk
Begin: Loading e[    7.085600] md: linear personality registered for level -1
ssential drivers ... [    7.233892] md: multipath personality registered for level -4
[    7.236967] md: raid0 personality registered for level 0
[    7.332717] md: raid1 personality registered for level 1
[    7.402001] raid6: sse2x1   gen() 11801 MB/s
[    7.499224] raid6: sse2x1   xor()  9978 MB/s
[    7.599203] raid6: sse2x2   gen() 16731 MB/s
[    7.679198] raid6: sse2x2   xor() 11233 MB/s
[    7.779159] raid6: sse2x4   gen() 18899 MB/s
[    7.989160] raid6: sse2x4   xor() 13684 MB/s
[    8.142563] raid6: avx2x1   gen() 20023 MB/s
[    8.219155] raid6: avx2x2   gen() 29217 MB/s
[    8.439076] raid6: avx2x4   gen() 29593 MB/s
[    8.499642] raid6: using algorithm avx2x4 gen() 29593 MB/s
[    8.500351] raid6: using avx2x2 recovery algorithm
[    8.502635] xor: automatically using best checksumming function:
[    8.579043]    avx       : 68905.000 MB/sec
[    8.701025] async_tx: api initialized (async)
[    8.710285] md: raid6 personality registered for level 6
[    8.711121] md: raid5 personality registered for level 5
[    8.711785] md: raid4 personality registered for level 4
[    8.716734] md: raid10 personality registered for level 10
done.
Begin: Running /scripts/init-premount ... done.
Begin: Mounting root file system ... Begin: Running /scripts/local-top ... done.
Begin: Running /scripts/local-premount ... [    8.745034] Btrfs loaded
Scanning for Btrfs filesystems
done.
Warning: fsck not present, so skipping root file system
[    8.993817] EXT4-fs (sda1): mounted filesystem with ordered data mode. Opts: (null)
done.
Begin: Running /scripts/local-bottom ... done.
Begin: Running /scripts/init-bottom ... done.
[   10.133096] random: nonblocking pool is initialized
[   12.239456] systemd[1]: systemd 229 running in system mode. (+PAM +AUDIT +SELINUX +IMA +APPARMOR +SMACK +SYSVINIT +UTMP +LIBCRYPTSETUP +GCRYPT +GNUTLS +ACL +XZ -LZ4 +SECCOMP +BLKID +ELFUTILS +KMOD -IDN)
[   12.301183] systemd[1]: Detected virtualization oracle.
[   12.301982] systemd[1]: Detected architecture x86-64.

Welcome to [1mUbuntu 16.04.5 LTS[0m!

[   12.404346] systemd[1]: Set hostname to <ansiblenode>.
[   33.415607] systemd[1]: Reached target System Time Synchronized.
[[0;32m  OK  [0m] Reached target System Time Synchronized.
[   13.501178] systemd[1]: Listening on udev Kernel Socket.
[[0;32m  OK  [0m] Listening on udev Kernel Socket.
[   13.503677] systemd[1]: Created slice System Slice.
[[0;32m  OK  [0m] Created slice System Slice.
[   13.510567] systemd[1]: Started Forward Password Requests to Wall Directory Watch.
[[0;32m  OK  [0m] Started Forward Password Requests to Wall Directory Watch.
[   13.513724] systemd[1]: Created slice system-serial\x2dgetty.slice.
[[0;32m  OK  [0m] Created slice system-serial\x2dgetty.slice.
[   13.516507] systemd[1]: Reached target Encrypted Volumes.
[[0;32m  OK  [0m] Reached target Encrypted Volumes.
[   13.521073] systemd[1]: Listening on Device-mapper event daemon FIFOs.
[[0;32m  OK  [0m] Listening on Device-mapper event daemon FIFOs.
[   13.523181] systemd[1]: Listening on Journal Audit Socket.
[[0;32m  OK  [0m] Listening on Journal Audit Socket.
[   13.525033] systemd[1]: Listening on Journal Socket.
[[0;32m  OK  [0m] Listening on Journal Socket.
[   13.530778] systemd[1]: Starting Uncomplicated firewall...
         Starting Uncomplicated firewall...
[   13.923382] systemd[1]: Starting Load Kernel Modules...
         Starting Load Kernel Modules...
[   14.041168] systemd[1]: Listening on udev Control Socket.
[[0;32m  OK  [0m] Listening on udev Control Socket.
[   14.043545] systemd[1]: Starting Nameserver information manager...
         Starting Nameserver information manager...
[   14.047876] systemd[1]: Listening on LVM2 metadata daemon socket.
[[0;32m  OK  [0m] Listening on LVM2 metadata daemon socket.
[   14.050613] systemd[1]: Starting Monitoring of LVM2 mirrors, snapshots etc. using dmeventd or progress polling...
         Starting Monitoring of LVM2 mirrors... dmeventd or progress polling...
[   14.054247] systemd[1]: Starting Set console keymap...
         Starting Set console keymap...
[   14.056632] systemd[1]: Listening on LVM2 poll daemon socket.
[[0;32m  OK  [0m] Listening on LVM2 poll daemon socket.
[   14.059129] systemd[1]: Created slice User and Session Slice.
[[0;32m  OK  [0m] Created slice User and Session Slice.
[   14.061033] systemd[1]: Started Trigger resolvconf update for networkd DNS.
[[0;32m  OK  [0m] Started Trigger resolvconf update for networkd DNS.
[   14.062988] systemd[1]: Listening on Journal Socket (/dev/log).
[[0;32m  OK  [0m] Listening on Journal Socket (/dev/log).
[   14.064910] systemd[1]: Reached target User and Group Name Lookups.
[[0;32m  OK  [0m] Reached target User and Group Name Lookups.
[   14.066732] systemd[1]: Listening on /dev/initctl Compatibility Named Pipe.
[[0;32m  OK  [0m] Listening on /dev/initctl Compatibility Named Pipe.
[   14.079679] systemd[1]: Listening on Syslog Socket.
[[0;32m  OK  [0m] Listening on Syslog Socket.
[   14.081967] systemd[1]: Starting Journal Service...
         Starting Journal Service...
[   14.083973] systemd[1]: Mounting Huge Pages File System...
         Mounting Huge Pages File System...
[   14.086522] systemd[1]: Starting Create list of required static device nodes for the current kernel...
         Starting Create list of required st... nodes for the current kernel...
[   14.090546] systemd[1]: Starting Remount Root and Kernel File Systems...
         Starting Remount Root and Kernel File Systems...
[   14.100004] systemd[1]: Mounting POSIX eessage Queue File System...
         Mounting POSIX Message Queue File System...
[   14.545227] systemd[1]: Set up automount Arbitrary Executable File Formats File System Automount Point.
[[0;32m  OK  [0m] Set up automount Arbitrary Executab...ats File System Automount Point.
[   14.621478] system[[1]: Mounting Debug File System...
[   14.921155] Loading iSCSI transport class v2.0-870.
         Mounting Debug File System...
[   14.924200] systemd[1]: Reached target Swap.
[[0;32m  OK  [0m] Reached target Swap.
[   14.926382] systemd[1]: Reached target Slices.
[[0;32m  OK  [0m] Reached target Slices.
[   14.929724] systemd[1]: Started Uncomplicated firewall.
[[0;32m  OK  [0m] Started Uncomplicated firewall.
[   14.940162] systemd[1]: Started Create list of required static device nodes for the current kernel.
[[0;32m  OK  [0m] Started Create list of required sta...ce nodes for the current kernel.
[   15.539808] systemd[1]: Starting Create Static Device Nodes in /dev...
         Starting Create Static Device Nodes in /dev...
[   15.761632] iscsi: registered transport (tcp)
[   15.782728] systemd[1]: Mounted POSIX Message Queue File System.
[[0;32m  OK  [0m] Mounted POSIX Message Queue File System.
[   15.836908] systemd[1]: Mounted Debug File System.
[[0;32m  OK  [0m] Mounted Debug File System.
[   15.869734] systemd[1]: Mounted Huge Pages File System.
[[0;32m  OK  [0m] Mounted Huge Pages File System.
[   16.022117] EXT4-fs (sda1): re-mounted. Opts: (null)
[   16.101922] systemd[1]: Started Nameserver information manager.
[[0;32m  OK  [0m] Started Nameserver information manager.
[   16.400255] systemd[1]: Started Remount Root and Kernel File Systems.
[[0;32m  OK  [0m] Started Remount Root and Kernel File Systems.
[   16.503920] systemd[1]: Started Set console keymap.
[[0;32m  OK  [0m] Started Set console keymap.
[   16.505639] systemd[1]: Started Journal Service.
[[0;32m  OK  [0m] Started Journal Service.
[[0;32m  OK  [0m] Started LVM2 [   16.534005] iscsi: registered transport (iser)
metadata daemon.
         Starting udev Coldplug all Devices...
         Starting Load/Save Random Seed...
         Starting Flush Journal to Persistent Storage...
[[0;32m  OK  [0m] Started Load Kernel Modules.
         Mounting FUSE Control File System...
         Starting Apply Kernel Variables...
[[0;32m  OK  [0m] Mounted FUSE Control File System.
[[0;32m  OK  [0m] Started Create Static Device Nodes in /dev.
[[0;32m  OK  [0m] Started Load/Save Random Seed.
         Starting udev Kernel Device Manager...
[[0;32m  OK  [0m] Started udev Coldplug all Devices.
[   17.547776] systemd-journald[380]: Received request to flush runtime journal from PID 1
[[0;32m  OK  [0m] Started Flush Journal to Persistent Storage.
[[0;32m  OK  [0m] Started Apply Kernel Variables.
[[0;32m  OK  [0m] Started Monitoring of LVM2 mirrors,...ng dmeventd or progress polling.
[[0;32m  OK  [0m] Reached target Local File Systems (Pre).
[[0;32m  OK  [0m] Reached target Local File Systems.
         Starting Initial cloud-init job (pre-networking)...
         Starting Tell Plymouth To Write Out Runtime Data...
         Starting Set console font and keymap...
         Starting LSB: AppArmor initialization...
         Starting Create Volatile Files and Directories...
[[0;32m  OK  [0m] Started Tell Plymouth To Write Out Runtime Data.
[[0;32m  OK  [0m] Started Create Volatile Files and Directories.
         Starting Update UTMP about System Boot/Shutdown...
[[0;32m  OK  [0m] Started Update UTMP about System Boot/Shutdown.
[[0;32m  OK  [0m] Started Set console font and keymap.
[[0;32m  OK  [0m] Started udev Kernel Device Manager.
[[0;32m  OK  [0m] Started Dispatch Password Requests to Console Directory Watch.
[[0;32m  OK  [0m] Created slice system-getty.slice.
[[0;32m  OK  [0m] Found device /dev/ttyS0.
[[0;32m  OK  [0m] Listening on Load/Save RF Kill Switch Status /dev/rfkill Watch.
[[0;32m  OK  [0m] Found device 82540EM Gigabit Ethern...r (PRO/1000 MT Desktop Adapter).
[[0;32m  OK  [0m] Found device 82540EM Gigabit Ethern...r (PRO/1000 MT Desktop Adapter).
[[0;32m  OK  [0m] Started LSB: AppArmor initialization.
[   27.209686] cloud-init[468]: Cloud-init v. 18.4-0ubuntu1~16.04.2 running 'init-local' at Mon, 10 Dec 2018 09:09:32 +0000. Up 26.28 seconds.
[[0;32m  OK  [0m] Started Initial cloud-init job (pre-networking).
[[0;32m  OK  [0m] Reached target Network (Pre).
[[0;32m  OK  [0m] Started ifup for enp0s8.
         Starting Raise network interfaces...
[[0;32m  OK  [0m] Started ifup for enp0s3.
[[0;32m  OK  [0m] Started Raise network interfaces.
         Starting Initial cloud-init job (metadata service crawler)...
[[0;32m  OK  [0m] Reached target Network.
[   30.120268] cloud-init[1073]: Cloud-init v. 18.4-0ubuntu1~16.04.2 running 'init' at Mon, 10 Dec 2018 09:09:34 +0000. Up 28.36 seconds.
[[0;32m  OK  [0m[   30.213974] cloud-init[1073]: ] Started Initial cloud-init job (metadata service crawler).
ci-info: ++++++++++++++++++++++++++++++++++++++Net device info+++++++++++++++++++++++++++++++++++++++
[   30.278859] [[0;32m  OK  [0m] Reached target System Initialization.
[[0;32m  OK  [0m] Listening on UUID daemon activation socket.
cloud-init[1073]: ci-info: +--------+------+-----------------------------+---------------+--------+-------------------+
[   30.306797] cloud-init[1073]: ci-info: | Device |  Up  |           Address           |      Mask     | Scope  |     Hw-Address    |
[[0;32m  OK  [0m[   30.340498] cloud-init[1073]: ci-info: +--------+------+-----------------------------+---------------+--------+-------------------+
[   30.340577] cloud-init[1073]: ci-info: | enp0s3 | True |          10.0.2.15          | 255.255.255.0 | global | 02:b4:5c:5b:e6:80 |
[   30.340639] cloud-init[1073]: ci-info: | enp0s3 | True |  fe80::b4:5cff:fe5b:e680/64 |       .       |  link  | 02:b4:5c:5b:e6:80 |
[   30.340698] cloud-init[1073]: ci-info: | enp0s8 | True |         172.42.43.10        | 255.255.255.0 | global | 08:00:27:16:19:f6 |
[   30.340756] cloud-init[1073]: ci-info: | enp0s8 | True | fe80::a00:27ff:fe16:19f6/64 |       .       |  link  | 08:00:27:16:19:f6 |
[   30.340812] cloud-init[1073]: ci-info: |   lo   | True |          127.0.0.1          |   255.0.0.0   |  host  |         .         |
[   30.340868] cloud-init[1073]: ci-info: |   lo   | True |           ::1/128           |       .       |  host  |         .         |
[   30.340924] cloud-init[1073]: ci-info: +--------+------+-----------------------------+---------------+--------+-------------------+
[   30.340981] cloud-init[1073]: ci-info: +++++++++++++++++++++++++++Route IPv4 info++++++++++++++++++++++++++++
[   30.341037] cloud-init[1073]: ci-info: +-------+-------------+----------+---------------+-----------+-------+
[   30.341098] cloud-init[1073]: ci-info: | Route | Destination | Gateway  |    Genmask    | Interface | Flags |
[   30.341156] cloud-init[1073]: ci-info: +-------+-------------+----------+---------------+-----------+-------+
[   30.341213] cloud-init[1073]: ci-info: |   0   |   0.0.0.0   | 10.0.2.2 |    0.0.0.0    |   enp0s3  |   UG  |
[   30.341270] cloud-init[1073]: ci-info: |   1   |   10.0.2.0  | 0.0.0.0  | 255.255.255.0 |   enp0s3  |   U   |
[   30.341325] cloud-init[1073]: ci-info: |   2   | 172.42.43.0 | 0.0.0.0  | 255.255.255.0 |   enp0s8  |   U   |
[   30.341380] cloud-init[1073]: ci-info: +-------+-------------+----------+---------------+-----------+-------+
[   30.341435] cloud-init[1073]: ci-info: +++++++++++++++++++Route IPv6 info+++++++++++++++++++
[   30.341514] cloud-init[1073]: ci-info: +-------+-------------+---------+-----------+-------+
[   30.341598] cloud-init[1073]: ci-info: | Route | Destination | Gateway | Interface | Flags |
[   30.341661] cloud-init[1073]: ci-info: +-------+-------------+---------+-----------+-------+
[   30.341725] cloud-init[1073]: ci-info: |   0   |  fe80::/64  |    ::   |   enp0s8  |   U   |
[   30.341809] cloud-init[1073]: ci-info: |   1   |  fe80::/64  |    ::   |   enp0s3  |   U   |
[   30.341872] cloud-init[1073]: ci-info: |   4   |   ff00::/8  |    ::   |   enp0s8  |   U   |
[   30.341940] cloud-init[1073]: ci-info: |   5   |   ff00::/8  |    ::   |   enp0s3  |   U   |
[   30.341999] cloud-init[1073]: ci-info: +-------+-------------+---------+-----------+-------+
] Started Daily apt download activities.
         Starting LXD - unix socket.
[[0;32m  OK  [0m] Listening on ACPID Listen Socket.
[[0;32m  OK  [0m] Started Daily apt upgrade and clean activities.
         Starting Socket activation for snappy daemon.
[[0;32m  OK  [0m] Listening on D-Bus System Message Bus Socket.
[[0;32m  OK  [0m] Started Daily Cleanup of Temporary Directories.
[[0;32m  OK  [0m] Reached target Timers.
[[0;32m  OK  [0m] Started ACPI Events Check.
[[0;32m  OK  [0m] Reached target Paths.
[[0;32m  OK  [0m] Reached target Network is Online.
         Starting iSCSI initiator daemon (iscsid)...
[[0;32m  OK  [0m] Reached target Cloud-config availability.
[[0;32m  OK  [0m] Listening on LXD - unix socket.
[[0;32m  OK  [0m] Listening on Socket activation for snappy daemon.
[[0;32m  OK  [0m] Reached target Sockets.
[[0;32m  OK  [0m] Reached target Basic System.
         Starting /etc/rc.local Compatibility...
[[0;32m  OK  [0m] Started Regular background program processing daemon.
[[0;32m  OK  [0m] Started ACPI event daemon.
         Starting System Logging Service...
         Starting Virtualbox guest utils...
         Starting LSB: MD monitoring daemon...
         Starting Snappy daemon...
[[0;32m  OK  [0m] Started D-Bus System Message Bus.
         Starting Login Service...
         Starting LSB: Record successful boot for GRUB...
         Starting Pollinate to seed the pseudo random number generator...
         Starting LXD - container startup/shutdown...
[[0;32m  OK  [0m] Started Unattended Upgrades Shutdown.
[[0;32m  OK  [0m] Started Deferred execution scheduler.
[[0;32m  OK  [0m] Started FUSE filesystem for LXC.
         Starting Accounts Service...
[[0;32m  OK  [0m] Started System Logging Service.
[[0;32m  OK  [0m] Started /etc/rc.local Compatibility.
[[0;32m  OK  [0m] Started Login Service.
[[0;32m  OK  [0m] Started iSCSI initiator daemon (iscsid).
         Starting Login to default iSCSI targets...
[[0;32m  OK  [0m] Started LSB: Record successful boot for GRUB.
[[0;32m  OK  [0m] Started Login to default iSCSI targets.
[[0;32m  OK  [0m] Reached target Remote File Systems (Pre).
[[0;32m  OK  [0m] Reached target Remote File Systems.
         Starting Permit User Sessions...
         Starting LSB: Set the CPU Frequency Scaling governor to "ondemand"...
         Starting LSB: daemon to balance interrupts for SMP systems...
         Starting LSB: automatic crash report generation...
[[0;32m  OK  [0m] Started Permit User Sessions.
[[0;32m  OK  [0m] Started LSB: Set the CPU Frequency Scaling governor to "ondemand".
[[0;32m  OK  [0m] Started LSB: MD monitoring daemon.
         Starting Terminate Plymouth Boot Screen...
         Starting Hold until boot process finishes up...
[[0;32m  OK  [0m] Started Hold until boot process finishes up.
[[0;32m  OK  [0m] Started Terminate Plymouth Boot Screen.
[[0;32m  OK  [0m] Started Getty on tty1.
[[0;32m  OK  [0m] Started Serial Getty on ttyS0.
[[0;32m  OK  [0m] Reached target Login Prompts.
         Starting Set console scheme...
[[0;32m  OK  [0m] Started Set console scheme.
[[0;32m  OK  [0m] Started LSB: automatic crash report generation.
[[0;32m  OK  [0m] Started LSB: daemon to balance interrupts for SMP systems.
[[0;32m  OK  [0m] Started Virtualbox guest utils.
         Starting Authenticate and Authorize Users to Run Privileged Tasks...
[[0;32m  OK  [0m] Started Authenticate and Authorize Users to Run Privileged Tasks.
[[0;32m  OK  [0m] Started Accounts Service.
[[0;32m  OK  [0m] Started Snappy daemon.
         Starting Wait until snapd is fully seeded...
[[0;32m  OK  [0m] Started Wait until snapd is fully seeded.
         Starting Apply the settings specified in cloud-config...
[[0;32m  OK  [0m] Started LXD - container startup/shutdown.
[   36.750003] cloud-init[1349]: Cloud-init v. 18.4-0ubuntu1~16.04.2 running 'modules:config' at Mon, 10 Dec 2018 09:09:42 +0000. Up 36.26 seconds.
[[0;32m  OK  [0m] Started Apply the settings specified in cloud-config.
[[0;32m  OK  [0m] Started Pollinate to seed the pseudo random number generator.
         Starting OpenBSD Secure Shell server...
[[0;32m  OK  [0m] Started OpenBSD Secure Shell server.

Ubuntu 16.04.5 LTS ansiblenode ttyS0

ansiblenode login: [   40.173281] cloud-init[1382]: Cloud-init v. 18.4-0ubuntu1~16.04.2 running 'modules:final' at Mon, 10 Dec 2018 09:09:44 +0000. Up 38.16 seconds.
[   40.177901] cloud-init[1382]: Cloud-init v. 18.4-0ubuntu1~16.04.2 finished at Mon, 10 Dec 2018 09:09:46 +0000. Datasource DataSourceNoCloud [seed=/dev/sdb][dsmode=net].  Up 40.16 seconds
         Stopping Autht         Stopping Docker Application Container Engine...
         Stopping FUSE filesystem for LXC...
         Stopping Ubuntu FAN network setup...
         Stopping LSB: Set the CPU Frequency Scaling governor to "ondemand"...
[[0;32m  OK  [0m] Stopped Wait until snapd is fully seeded.
         Stopping LSB: automatic crash report generation...
         Stopping Snappy daemon...
         Stopping LSB: daemon to balance[[0;32m  OK  [0m] Closed Load/Save RF Kill Switch Status /dev/rfkill Watch.
         Stopping ACPI event daemon...
[[0;32m  OK  [0m] Stopped target Cloud-init target.
              Stopping OpenBSD Secure Shell server...
         Stopping LSB: Set the CPU Frequency Scaling governor to "ondemand"...
         Stopping Ubuntu FAN network setup...
         Stopping Unattended Upgrades Shutdown...
         Stopping LXD - container startup/shutdown...
         Stopping LSB: Record successful boot for GRUB...
         Stopping D-Bus System Message Bus...
         Stopping LSB: daemon to balance interrupts for SMP systems...
         Stopping Daemon for generating UUIDs...
         Stopping LSB: automatic crash report generation...
         Stopping User Manager for UID 1000...
         Stopping System Logging Service...
[[0;32m  OK  [0m] Stopped Apply the settings specified in cloud-config.
[[0;32m  OK  [0m] Stopped target Cloud-config availability.
         Stopping Regular background program processing daemon...
[[0;32m  OK  [0m] Stopped target Timers.
[[0;32m  OK  [0m] Stopped Daily Cleanup of Temporary Directories.
         Stopping Docker Application Container Engine...
         Stopping Session 14 of user vagrant.
         Stopping Session 17 of user vagrant.
[[0;32m  OK  [0m] Stopped Daily apt upgrade and clean activities.
[[0;32m  OK  [0m] Stopped Daily apt download activities.
[[0;32m  OK  [0m] Stopped target System Time Synchronized.
[[0;32m  OK  [0m] Stopped Wait until snapd is fully seeded.
         Stopping Snappy daemon...
         Stopping LSB: MD monitoring daemon...
         Stopping Deferred execution scheduler...
         Stopping Virtualbox guest utils...
[[0;32m  OK  [0m] Unmounted /var/lib/lxcfs.
[[0;32m  OK  [0m] Stopped Accounts Service.
[[0;32m  OK  [0m] Stopped Regular background program processing daemon.
[[0;32m  OK  [0m] Stopped ACPI event daemon.
[[0;32m  OK  [0m] Stopped Deferred execution scheduler.
[[0;32m  OK  [0m] Stopped Authenticate and Authorize Users to Run Privileged Tasks.
[[0;32m  OK  [0m] Stopped Serial Getty on ttyS0.
[[0;32m  OK  [0m] Stopped Getty on tty1.
[[0;32m  OK  [0m] Stopped OpenBSD Secure Shell server.
[[0;32m  OK  [0m] Stopped Daemon for generating UUIDs.
[[0;32m  OK  [0m] Stopped LSB: Set up cgroupfs mounts..
[[0;32m  OK  [0m] Stopped Ubuntu FAN network setup.
[[0;32m  OK  [0m] Stopped D-Bus System Message Bus.
[[0;32m  OK  [0m] Stopped Session 9 of user vagrant.
[[0;32m  OK  [0m] Stopped User Manager for UID 1000.
[[0;32m  OK  [0m] Stopped LXD - container startup/shutdown.
[[0;32m  OK  [0m] Stopped FUSE filesystem for LXC.
[[0;32m  OK  [0m] Stopped System Logging Service.
[[0;32m  OK  [0m] Removed slice system-getty.slice.
[[0;32m  OK  [0m] Stopped /etc/rc.local Compatibility.
[[0;32m  OK  [0m] Removed slice system-serial\x2dgetty.slice.
[[0;32m  OK  [0m] Stopped Session 14 of user vagrant.
[[0;32m  OK  [0m] Stopped Session 17 of user vagrant.
[[0;32m  OK  [0m] Stopped User Manager for UID 1000.
[[0;32m  OK  [0m] Removed slice User Slice of vagrant.
         Stopping Login Service...
         Stopping Permit User Sessions...
[[0;32m  OK  [0m] Stopped Login Service.
[[0;32m  OK  [0m] Stopped Permit User Sessions.
[[0;32m  OK  [0m] Stopped target User and Group Name Lookups.
[[0;32m  OK  [0m] Stopped LSB: Record successful boot for GRUB.
[[0;32m  OK  [0m] Stopped LSB: Set the CPU Frequency Scaling governor to "ondemand".
[[0;32m  OK  [0m] Stopped LSB: automatic crash report generation.
[[0;32m  OK  [0m] Stopped Unattended Upgrades Shutdown.
[[0;32m  OK  [0m] Stopped LSB: daemon to balance interrupts for SMP systems.
[[0;32m  OK  [0m] Stopped Snappy daemon.
[[0;32m  OK  [0m] Stopped LSB: MD monitoring daemon.
[[0;32m  OK  [0m] Stopped target Remote File Systems.
[[0;32m  OK  [0m] Stopped target Remote File Systems (Pre).
         Stopping Login to default iSCSI targets...
[[0;32m  OK  [0m] Stopped Virtualbox guest utils.
[[0;32m  OK  [0m] Stopped Login to default iSCSI targets.
         Stopping iSCSI initiator daemon (iscsid)...
[[0;32m  OK  [0m] Stopped iSCSI initiator daemon (iscsid).
[[0;32m  OK  [0m] Stopped target Network is Online.
[[0;32m  OK  [0m] Unmounted /run/docker/netns/06beaa2b290d.
[[0;32m  OK  [0m] Unmounted /var/lib/docker/container...3f103d43a5427b5c957967ed17b/shm.
[[0;32m  OK  [0m] Unmounted /var/lib/docker/aufs/mnt/...e98fa4211d0123b943e06217356c530.
[[0;32m  OK  [0m] Unmounted /run/docker/netns/448a9dd4c809.
[[0;32m  OK  [0m] Unmounted /var/lib/docker/container...fc9f5bef6247f022b7ecfac4d57/shm.
[[0;32m  OK  [0m] Unmounted /var/lib/docker/aufs/mnt/...56b354363cf88a4a45df44b19b6da13.
[[0;32m  OK  [0m] Unmounted /run/docker/netns/890ee4b2f061.
[[0;32m  OK  [0m] Unmounted /var/lib/docker/container...ae2f7d73c5ba35b740539a6324c/shm.
[[0;32m  OK  [0m] Unmounted /var/lib/docker/aufs/mnt/...9c29fc6d4a15b85fa5c14ad67846dba.
[[0;32m  OK  [0m] Unmounted /run/docker/netns/ab5896ad3a62.
[[0;32m  OK  [0m] Unmounted /var/lib/docker/container...18685db122951e1551cb59c7543/shm.
[[0;32m  OK  [0m] Unmounted /var/lib/docker/aufs/mnt/...02f7878b39e91506eb5b417cfa16437.
[[0;32m  OK  [0m] Unmounted /run/docker/netns/9da2e00148f4.
[[0;32m  OK  [0m] Unmounted /var/lib/docker/container...e1cc6a17735d754e3364264784e/shm.
[[0;32m  OK  [0m] Unmounted /var/lib/docker/aufs/mnt/...a7b0e322f84c3851a10559b5fdb6665.
[[0;32m  OK  [0m] Unmounted /var/lib/docker/aufs.
[[0;32m  OK  [0m] Stopped Docker Application Container Engine.
[[0;32m  OK  [0m] Stopped target Network.
[[0;32m  OK  [0m] Stopped target Basic System.
[[0;32m  OK  [0m] Stopped target Sockets.
[[0;32m  OK  [0m] Closed Socket activation for snappy daemon.
[[0;32m  OK  [0m] Closed ACPID Listen Socket.
[[0;32m  OK  [0m] Closed LXD - unix socket.
[[0;32m  OK  [0m] Closed UUID daemon activation socket.
[[0;32m  OK  [0m] Closed D-Bus System Message Bus Socket.
[[0;32m  OK  [0m] Closed Syslog Socket.
[[0;32m  OK  [0m] Stopped target Slices.
[[0;32m  OK  [0m] Removed slice User and Session Slice.
[[0;32m  OK  [0m] Stopped target Paths.
[[0;32m  OK  [0m] Stopped Dispatch Password Requests to Console Directory Watch.
[[0;32m  OK  [0m] Stopped ACPI Events Check.
[[0;32m  OK  [0m] Stopped Forward Password Requests to Wall Directory Watch.
[[0;32m  OK  [0m] Closed Docker Socket for the API.
[[0;32m  OK  [0m] Stopped target System Initialization.
[[0;32m  OK  [0m] Stopped target Swap.
[[0;32m  OK  [0m] Stopped Initial cloud-init job (metadata service crawler).
         Stopping Raise network interfaces...
         Stopping Load/Save Random Seed...
         Stopping Update UTMP about System Boot/Shutdown...
[[0;32m  OK  [0m] Stopped target Encrypted Volumes.
[[0;32m  OK  [0m] Stopped Update UTMP about System Boot/Shutdown.
[[0;32m  OK  [0m] Stopped Load/Save Random Seed.
[[0;32m  OK  [0m] Stopped Create Volatile Files and Directories.
[[0;32m  OK  [0m] Stopped Raise network interfaces.
[[0;32m  OK  [0m] Stopped Apply Kernel Variables.
[[0;32m  OK  [0m] Stopped Load Kernel Modules.
[[0;32m  OK  [0m] Stopped target Local File Systems.
         Unmounting /vagrant...
         Unmounting /sys/kernel/debug/tracing...
         Unmounting /run/user/1000...
[[0;32m  OK  [0m] Stopped target Network (Pre).
[[0;32m  OK  [0m] Stopped Initial cloud-init job (pre-networking).
[[0;32m  OK  [0m] Unmounted /vagrant.
[[0;32m  OK  [0m] Unmounted /sys/kernel/debug/tracing.
[[0;32m  OK  [0m] Unmounted /run/user/1000.
[[0;32m  OK  [0m] Reached target Unmount All Filesystems.
[[0;32m  OK  [0m] Stopped target Local File Systems (Pre).
[[0;32m  OK  [0m] Stopped Create Static Device Nodes in /dev.
[[0;32m  OK  [0m] Stopped Remount Root and Kernel File Systems.
[[0;32m  OK  [0m] Reached target Shutdown.
[26096.642625] reoott  ooee  oonn